<?xml version="1.0" encoding="UTF-8"?>
<!-- Generated by org.testng.reporters.JUnitXMLReporter -->
<testsuite hostname="JAGAN" ignored="0" name="Test1" tests="4" failures="0" timestamp="06 Aug 2017 10:40:58 GMT" time="0.243" errors="0">
  <testcase name="testone" time="0.054" classname="packageOne.ClassOne"/>
  <testcase name="testtwo" time="0.003" classname="packageOne.ClassTwo"/>
  <testcase name="testthree" time="0.005" classname="packageOne.ClassThree"/>
  <testcase name="testfour" time="0.004" classname="packageOne.ClassFour"/>
</testsuite> <!-- Test1 -->
